TN:
SF:components\StatCard.tsx
FN:11,StatCard
FNF:1
FNH:1
FNDA:2,StatCard
DA:12,2
DA:25,1
LF:2
LH:2
BRF:0
BRH:0
end_of_record
TN:
SF:utils\budgetStorage.ts
FN:7,(anonymous_0)
FN:29,(anonymous_1)
FN:39,(anonymous_2)
FN:47,(anonymous_3)
FN:63,(anonymous_4)
FN:65,(anonymous_5)
FN:73,(anonymous_6)
FN:75,(anonymous_7)
FN:79,(anonymous_8)
FN:81,(anonymous_9)
FN:99,(anonymous_10)
FN:101,(anonymous_11)
FN:104,(anonymous_12)
FNF:13
FNH:13
FNDA:10,(anonymous_0)
FNDA:15,(anonymous_1)
FNDA:8,(anonymous_2)
FNDA:1,(anonymous_3)
FNDA:2,(anonymous_4)
FNDA:1,(anonymous_5)
FNDA:1,(anonymous_6)
FNDA:2,(anonymous_7)
FNDA:3,(anonymous_8)
FNDA:2,(anonymous_9)
FNDA:2,(anonymous_10)
FNDA:4,(anonymous_11)
FNDA:3,(anonymous_12)
DA:4,1
DA:6,1
DA:8,10
DA:10,10
DA:11,1
DA:14,9
DA:16,2
DA:17,2
DA:18,2
DA:19,2
DA:21,5
DA:23,1
DA:25,1
DA:30,15
DA:31,15
DA:32,14
DA:34,1
DA:35,1
DA:40,8
DA:41,8
DA:43,1
DA:48,1
DA:49,1
DA:51,1
DA:59,1
DA:60,1
DA:64,2
DA:65,2
DA:67,2
DA:68,1
DA:69,1
DA:74,1
DA:75,2
DA:76,1
DA:80,3
DA:81,3
DA:83,3
DA:84,2
DA:85,2
DA:88,2
DA:89,1
DA:90,1
DA:92,1
DA:95,2
DA:100,2
DA:101,4
DA:105,3
DA:106,3
DA:108,3
DA:109,3
DA:110,2
DA:111,2
DA:112,1
DA:113,1
DA:114,1
DA:119,3
DA:120,1
LF:57
LH:57
BRDA:10,0,0,1
BRDA:10,0,1,9
BRDA:14,1,0,2
BRDA:14,1,1,5
BRDA:14,1,2,1
BRDA:14,1,3,1
BRDA:32,2,0,13
BRDA:32,2,1,1
BRDA:67,3,0,1
BRDA:67,3,1,1
BRDA:83,4,0,2
BRDA:83,4,1,1
BRDA:88,5,0,1
BRDA:88,5,1,1
BRDA:109,6,0,2
BRDA:109,6,1,1
BRDA:111,7,0,1
BRDA:111,7,1,1
BRDA:119,8,0,1
BRDA:119,8,1,2
BRF:20
BRH:20
end_of_record
TN:
SF:utils\dateUtils.ts
FN:4,(anonymous_0)
FN:11,(anonymous_1)
FN:19,(anonymous_2)
FN:38,(anonymous_3)
FN:41,(anonymous_4)
FN:44,(anonymous_5)
FNF:6
FNH:6
FNDA:7,(anonymous_0)
FNDA:2,(anonymous_1)
FNDA:5,(anonymous_2)
FNDA:21,(anonymous_3)
FNDA:5,(anonymous_4)
FNDA:16,(anonymous_5)
DA:3,1
DA:5,7
DA:12,2
DA:20,5
DA:21,5
DA:23,5
DA:25,2
DA:26,2
DA:28,1
DA:29,1
DA:31,1
DA:32,1
DA:34,1
DA:35,1
DA:38,21
DA:42,5
DA:44,5
DA:45,16
DA:48,16
DA:50,4
DA:51,4
DA:53,4
DA:54,4
DA:55,4
DA:56,4
DA:58,4
DA:59,4
DA:61,4
DA:62,4
DA:64,0
DA:67,16
DA:70,5
LF:32
LH:31
BRDA:23,0,0,2
BRDA:23,0,1,1
BRDA:23,0,2,1
BRDA:23,0,3,1
BRDA:48,1,0,4
BRDA:48,1,1,4
BRDA:48,1,2,4
BRDA:48,1,3,4
BRDA:48,1,4,0
BRDA:67,2,0,16
BRDA:67,2,1,8
BRF:11
BRH:10
end_of_record
TN:
SF:utils\storage.ts
FN:8,(anonymous_0)
FN:18,(anonymous_1)
FN:26,(anonymous_2)
FN:44,(anonymous_3)
FN:46,(anonymous_4)
FN:66,(anonymous_5)
FN:68,(anonymous_6)
FN:72,(anonymous_7)
FN:74,(anonymous_8)
FN:82,(anonymous_9)
FN:84,(anonymous_10)
FNF:11
FNH:11
FNDA:12,(anonymous_0)
FNDA:7,(anonymous_1)
FNDA:2,(anonymous_2)
FNDA:2,(anonymous_3)
FNDA:1,(anonymous_4)
FNDA:1,(anonymous_5)
FNDA:2,(anonymous_6)
FNDA:2,(anonymous_7)
FNDA:1,(anonymous_8)
FNDA:2,(anonymous_9)
FNDA:4,(anonymous_10)
DA:5,1
DA:7,1
DA:9,12
DA:10,12
DA:11,11
DA:13,1
DA:14,1
DA:19,7
DA:20,7
DA:22,1
DA:27,2
DA:28,2
DA:35,2
DA:36,2
DA:39,2
DA:40,1
DA:45,2
DA:46,2
DA:48,2
DA:49,1
DA:50,1
DA:52,1
DA:53,1
DA:54,1
DA:55,1
DA:57,1
DA:60,1
DA:61,1
DA:67,1
DA:68,2
DA:69,1
DA:73,2
DA:74,2
DA:76,2
DA:77,1
DA:78,1
DA:83,2
DA:84,4
LF:38
LH:38
BRDA:11,0,0,10
BRDA:11,0,1,1
BRDA:39,1,0,1
BRDA:39,1,1,1
BRDA:48,2,0,1
BRDA:48,2,1,1
BRDA:60,3,0,1
BRDA:60,3,1,0
BRDA:76,4,0,1
BRDA:76,4,1,1
BRF:10
BRH:9
end_of_record
